<?xml version="1.0" encoding="UTF-8"?>
<testng-results ignored="0" total="1" passed="1" failed="0" skipped="0">
  <reporter-output>
  </reporter-output>
  <suite started-at="2025-01-04T10:49:08 IST" name="Default suite" finished-at="2025-01-04T10:49:14 IST" duration-ms="6283">
    <groups>
    </groups>
    <test started-at="2025-01-04T10:49:08 IST" name="Default test" finished-at="2025-01-04T10:49:14 IST" duration-ms="6283">
      <class name="Restfullbooker.Runner_class">
        <test-method signature="post()[pri:0, instance:Restfullbooker.Runner_class@49c7b90e]" started-at="2025-01-04T10:49:08 IST" name="post" finished-at="2025-01-04T10:49:14 IST" duration-ms="6202" status="PASS">
          <reporter-output>
          </reporter-output>
        </test-method> <!-- post -->
      </class> <!-- Restfullbooker.Runner_class -->
    </test> <!-- Default test -->
  </suite> <!-- Default suite -->
</testng-results>
