<?xml version="1.0" encoding="UTF-8"?>
<!-- Generated by org.testng.reporters.JUnitXMLReporter -->
<testsuite ignored="0" hostname="DESKTOP-23IQLTI" failures="0" tests="3" name="Default test" time="0.133" errors="0" timestamp="11 Feb 2025 10:20:55 GMT">
  <testcase classname="practice.testng.createcontact_Dp_test" name="createContactTest" time="0.052"/>
  <testcase classname="practice.testng.createcontact_Dp_test" name="createContactTest" time="0.004"/>
  <testcase classname="practice.testng.createcontact_Dp_test" name="createContactTest" time="0.003"/>
</testsuite> <!-- Default test -->
